2008 Feb 29 20:48:50  Result: 9
2008 Feb 29 20:48:50  From address not in member domain. Message not sent.
2008 Feb 29 20:49:29  Result: 9
2008 Feb 29 20:49:29  From address not in member domain. Message not sent.
2008 Feb 29 20:50:07  Sendmail not responding.
2008 Feb 29 20:53:39  Result: 9
2008 Feb 29 20:53:39  From address not in member domain. Message not sent.
2008 Mar 01 00:37:07  Result: 9
2008 Mar 01 00:37:07  From address not in member domain. Message not sent.
2008 Mar 01 00:39:05  Result: 9
2008 Mar 01 00:39:05  From address not in member domain. Message not sent.
2008 Mar 01 00:40:11  Result: 9
2008 Mar 01 00:40:11  From address not in member domain. Message not sent.
2008 Mar 01 00:40:33  Result: 9
2008 Mar 01 00:40:33  From address not in member domain. Message not sent.
2008 Mar 01 00:40:47  Result: 9
2008 Mar 01 00:40:47  From address not in member domain. Message not sent.
2008 Mar 01 00:41:16  Result: 9
2008 Mar 01 00:41:16  From address not in member domain. Message not sent.
2008 Mar 01 00:42:03  Result: 9
2008 Mar 01 00:42:03  From address not in member domain. Message not sent.
2008 Mar 01 00:42:25  Result: 9
2008 Mar 01 00:42:25  From address not in member domain. Message not sent.
2008 Mar 01 00:42:45  Result: 9
2008 Mar 01 00:42:45  From address not in member domain. Message not sent.
2008 Mar 01 00:44:09  Result: 9
2008 Mar 01 00:44:09  From address not in member domain. Message not sent.
2008 Mar 01 00:44:47  Result: 9
2008 Mar 01 00:44:47  From address not in member domain. Message not sent.
2008 Mar 01 05:26:31  Result: 9
2008 Mar 01 05:26:31  From address not in member domain. Message not sent.
2008 Mar 03 06:13:40  Result: 9
2008 Mar 03 06:13:40  From address not in member domain. Message not sent.
2008 Mar 05 06:59:10  Result: 9
2008 Mar 05 06:59:10  From address not in member domain. Message not sent.
2008 Mar 06 18:08:27  Result: 9
2008 Mar 06 18:08:27  From address not in member domain. Message not sent.
2008 Jul 22 00:32:11  Result: 9
2008 Jul 22 00:32:11  From address not in member domain. Message not sent.
2008 Aug 08 22:54:24  Result: 9
2008 Aug 08 22:54:24  From address not in member domain. Message not sent.
2008 Aug 20 08:22:59  Result: 9
2008 Aug 20 08:22:59  From address not in member domain. Message not sent.
2008 Aug 20 08:32:35  Result: 9
2008 Aug 20 08:32:35  From address not in member domain. Message not sent.
2008 Aug 26 12:34:10  Result: 9
2008 Aug 26 12:34:10  From address not in member domain. Message not sent.
2008 Oct 09 22:14:01  Result: 9
2008 Oct 09 22:14:01  From address not in member domain. Message not sent.
2008 Nov 09 03:37:15  Result: 9
2008 Nov 09 03:37:15  From address not in member domain. Message not sent.
2009 May 13 00:48:11  Result: 9
2009 May 13 00:48:11  From address not in member domain. Message not sent.
2009 May 13 00:49:08  Result: 9
2009 May 13 00:49:08  From address not in member domain. Message not sent.
2009 May 24 02:18:51  Result: 9
2009 May 24 02:18:51  From address not in member domain. Message not sent.
2009 May 25 01:05:07  Result: 9
2009 May 25 01:05:07  From address not in member domain. Message not sent.
2009 May 25 21:07:25  Result: 9
2009 May 25 21:07:25  From address not in member domain. Message not sent.
2009 Aug 15 23:38:18  Result: 9
2009 Aug 15 23:38:18  From address not in member domain. Message not sent.
2009 Aug 23 05:54:00  Result: 9
2009 Aug 23 05:54:00  From address not in member domain. Message not sent.
